미디어 파일 변경 감지 서비스 시작...
미디어 파일 변경 감지 서비스 시작...
감시 중인 디렉토리: /opt/mediaserver/media
감시 중인 디렉토리: /opt/mediaserver/media
Ctrl+C로 중지할 수 있습니다.
Ctrl+C로 중지할 수 있습니다.
파일 변경 대기 중...
파일 변경 대기 중...
Setting up watches.
Watches established.
미디어 파일 변경 감지 서비스 시작...
미디어 파일 변경 감지 서비스 시작...
감시 중인 디렉토리: /opt/mediaserver/media
감시 중인 디렉토리: /opt/mediaserver/media
Ctrl+C로 중지할 수 있습니다.
Ctrl+C로 중지할 수 있습니다.
파일 변경 대기 중...
파일 변경 대기 중...
Setting up watches.
Watches established.
미디어 파일 변경 감지 서비스 시작...
미디어 파일 변경 감지 서비스 시작...
감시 중인 디렉토리: /opt/mediaserver/media
감시 중인 디렉토리: /opt/mediaserver/media
Ctrl+C로 중지할 수 있습니다.
Ctrl+C로 중지할 수 있습니다.
파일 변경 대기 중...
파일 변경 대기 중...
Setting up watches.
Watches established.
미디어 파일 변경 감지 서비스 시작...
미디어 파일 변경 감지 서비스 시작...
감시 중인 디렉토리: /opt/mediaserver/media
감시 중인 디렉토리: /opt/mediaserver/media
Ctrl+C로 중지할 수 있습니다.
Ctrl+C로 중지할 수 있습니다.
파일 변경 대기 중...
파일 변경 대기 중...
Setting up watches.
Watches established.
